0 info it worked if it ends with ok
1 verbose cli [ 'node',
1 verbose cli   '/usr/local/bin/npm',
1 verbose cli   'install',
1 verbose cli   'angular-ui-calendar',
1 verbose cli   '--save' ]
2 info using npm@2.10.1
3 info using node@v0.12.4
4 verbose node symlink /usr/local/bin/node
5 verbose install initial load of /Users/JDWMac/sites/schoolSites/ASL App/angularFrontend/package.json
6 warn package.json sails-angular-frontend@1.0.0 No repository field.
7 warn package.json sails-angular-frontend@1.0.0 No README data
8 verbose installManyTop reading scoped package data from /Users/JDWMac/sites/schoolSites/ASL App/angularFrontend/node_modules/angular/package.json
9 verbose installManyTop reading scoped package data from /Users/JDWMac/sites/schoolSites/ASL App/angularFrontend/node_modules/angular-animate/package.json
10 verbose installManyTop reading scoped package data from /Users/JDWMac/sites/schoolSites/ASL App/angularFrontend/node_modules/angular-aria/package.json
11 verbose installManyTop reading scoped package data from /Users/JDWMac/sites/schoolSites/ASL App/angularFrontend/node_modules/angular-material/package.json
12 verbose installManyTop reading scoped package data from /Users/JDWMac/sites/schoolSites/ASL App/angularFrontend/node_modules/angular-strap/package.json
13 verbose installManyTop reading scoped package data from /Users/JDWMac/sites/schoolSites/ASL App/angularFrontend/node_modules/angular-ui-router/package.json
14 verbose installManyTop reading scoped package data from /Users/JDWMac/sites/schoolSites/ASL App/angularFrontend/node_modules/babel-core/package.json
15 verbose installManyTop reading scoped package data from /Users/JDWMac/sites/schoolSites/ASL App/angularFrontend/node_modules/babel-loader/package.json
16 verbose installManyTop reading scoped package data from /Users/JDWMac/sites/schoolSites/ASL App/angularFrontend/node_modules/better-console/package.json
17 verbose installManyTop reading scoped package data from /Users/JDWMac/sites/schoolSites/ASL App/angularFrontend/node_modules/bootstrap/package.json
18 verbose installManyTop reading scoped package data from /Users/JDWMac/sites/schoolSites/ASL App/angularFrontend/node_modules/bourbon/package.json
19 verbose installManyTop reading scoped package data from /Users/JDWMac/sites/schoolSites/ASL App/angularFrontend/node_modules/css-loader/package.json
20 verbose installManyTop reading scoped package data from /Users/JDWMac/sites/schoolSites/ASL App/angularFrontend/node_modules/del/package.json
21 verbose installManyTop reading scoped package data from /Users/JDWMac/sites/schoolSites/ASL App/angularFrontend/node_modules/extend/package.json
22 verbose installManyTop reading scoped package data from /Users/JDWMac/sites/schoolSites/ASL App/angularFrontend/node_modules/file-loader/package.json
23 verbose installManyTop reading scoped package data from /Users/JDWMac/sites/schoolSites/ASL App/angularFrontend/node_modules/fullcalendar/package.json
24 verbose installManyTop reading scoped package data from /Users/JDWMac/sites/schoolSites/ASL App/angularFrontend/node_modules/gulp/package.json
25 verbose installManyTop reading scoped package data from /Users/JDWMac/sites/schoolSites/ASL App/angularFrontend/node_modules/gulp-autoprefixer/package.json
26 verbose installManyTop reading scoped package data from /Users/JDWMac/sites/schoolSites/ASL App/angularFrontend/node_modules/gulp-chmod/package.json
27 verbose installManyTop reading scoped package data from /Users/JDWMac/sites/schoolSites/ASL App/angularFrontend/node_modules/gulp-clone/package.json
28 verbose installManyTop reading scoped package data from /Users/JDWMac/sites/schoolSites/ASL App/angularFrontend/node_modules/gulp-concat/package.json
29 verbose installManyTop reading scoped package data from /Users/JDWMac/sites/schoolSites/ASL App/angularFrontend/node_modules/gulp-concat-css/package.json
30 verbose installManyTop reading scoped package data from /Users/JDWMac/sites/schoolSites/ASL App/angularFrontend/node_modules/gulp-copy/package.json
31 verbose installManyTop reading scoped package data from /Users/JDWMac/sites/schoolSites/ASL App/angularFrontend/node_modules/gulp-flatten/package.json
32 verbose installManyTop reading scoped package data from /Users/JDWMac/sites/schoolSites/ASL App/angularFrontend/node_modules/gulp-header/package.json
33 verbose installManyTop reading scoped package data from /Users/JDWMac/sites/schoolSites/ASL App/angularFrontend/node_modules/gulp-help/package.json
34 verbose installManyTop reading scoped package data from /Users/JDWMac/sites/schoolSites/ASL App/angularFrontend/node_modules/gulp-if/package.json
35 verbose installManyTop reading scoped package data from /Users/JDWMac/sites/schoolSites/ASL App/angularFrontend/node_modules/gulp-less/package.json
36 verbose installManyTop reading scoped package data from /Users/JDWMac/sites/schoolSites/ASL App/angularFrontend/node_modules/gulp-minify-css/package.json
37 verbose installManyTop reading scoped package data from /Users/JDWMac/sites/schoolSites/ASL App/angularFrontend/node_modules/gulp-notify/package.json
38 verbose installManyTop reading scoped package data from /Users/JDWMac/sites/schoolSites/ASL App/angularFrontend/node_modules/gulp-plumber/package.json
39 verbose installManyTop reading scoped package data from /Users/JDWMac/sites/schoolSites/ASL App/angularFrontend/node_modules/gulp-print/package.json
40 verbose installManyTop reading scoped package data from /Users/JDWMac/sites/schoolSites/ASL App/angularFrontend/node_modules/gulp-rename/package.json
41 verbose installManyTop reading scoped package data from /Users/JDWMac/sites/schoolSites/ASL App/angularFrontend/node_modules/gulp-replace/package.json
42 verbose installManyTop reading scoped package data from /Users/JDWMac/sites/schoolSites/ASL App/angularFrontend/node_modules/gulp-rtlcss/package.json
43 verbose installManyTop reading scoped package data from /Users/JDWMac/sites/schoolSites/ASL App/angularFrontend/node_modules/gulp-uglify/package.json
44 verbose installManyTop reading scoped package data from /Users/JDWMac/sites/schoolSites/ASL App/angularFrontend/node_modules/gulp-util/package.json
45 verbose installManyTop reading scoped package data from /Users/JDWMac/sites/schoolSites/ASL App/angularFrontend/node_modules/gulp-watch/package.json
46 verbose installManyTop reading scoped package data from /Users/JDWMac/sites/schoolSites/ASL App/angularFrontend/node_modules/hammer/package.json
47 verbose installManyTop reading scoped package data from /Users/JDWMac/sites/schoolSites/ASL App/angularFrontend/node_modules/jquery/package.json
48 verbose installManyTop reading scoped package data from /Users/JDWMac/sites/schoolSites/ASL App/angularFrontend/node_modules/map-stream/package.json
49 verbose installManyTop reading scoped package data from /Users/JDWMac/sites/schoolSites/ASL App/angularFrontend/node_modules/materialize-css/package.json
50 verbose installManyTop reading scoped package data from /Users/JDWMac/sites/schoolSites/ASL App/angularFrontend/node_modules/moment/package.json
51 verbose installManyTop reading scoped package data from /Users/JDWMac/sites/schoolSites/ASL App/angularFrontend/node_modules/node-libs-browser/package.json
52 verbose installManyTop reading scoped package data from /Users/JDWMac/sites/schoolSites/ASL App/angularFrontend/node_modules/node-lumx/package.json
53 verbose installManyTop reading scoped package data from /Users/JDWMac/sites/schoolSites/ASL App/angularFrontend/node_modules/node-mdi/package.json
54 verbose installManyTop reading scoped package data from /Users/JDWMac/sites/schoolSites/ASL App/angularFrontend/node_modules/node-sass/package.json
55 verbose installManyTop reading scoped package data from /Users/JDWMac/sites/schoolSites/ASL App/angularFrontend/node_modules/require-dot-file/package.json
56 verbose installManyTop reading scoped package data from /Users/JDWMac/sites/schoolSites/ASL App/angularFrontend/node_modules/sass-loader/package.json
57 verbose installManyTop reading scoped package data from /Users/JDWMac/sites/schoolSites/ASL App/angularFrontend/node_modules/satellizer/package.json
58 verbose installManyTop reading scoped package data from /Users/JDWMac/sites/schoolSites/ASL App/angularFrontend/node_modules/style-loader/package.json
59 verbose installManyTop reading scoped package data from /Users/JDWMac/sites/schoolSites/ASL App/angularFrontend/node_modules/velocity-animate/package.json
60 verbose installManyTop reading scoped package data from /Users/JDWMac/sites/schoolSites/ASL App/angularFrontend/node_modules/webpack/package.json
61 verbose installManyTop reading scoped package data from /Users/JDWMac/sites/schoolSites/ASL App/angularFrontend/node_modules/webpack-dev-server/package.json
62 verbose installManyTop reading scoped package data from /Users/JDWMac/sites/schoolSites/ASL App/angularFrontend/node_modules/yamljs/package.json
63 info package.json angular-material@0.10.0 No license field.
64 info package.json angular-ui-router@0.2.15 No license field.
65 info package.json better-console@0.2.4 license should be a valid SPDX license expression
66 info package.json gulp-clone@1.0.0 No license field.
67 info package.json gulp-concat-css@2.2.0 No license field.
68 info package.json gulp-copy@0.0.2 No license field.
69 info package.json gulp-if@1.2.5 No license field.
70 info package.json gulp-rename@1.2.2 No license field.
71 info package.json hammer@0.0.5 No license field.
72 info package.json jquery@2.1.4 No license field.
73 info package.json node-lumx@1.0.0 No repository field.
74 info package.json node-mdi@1.0.0 No description
75 info package.json fullcalendar@2.3.1 license should be a valid SPDX license expression
76 info package.json gulp-notify@2.2.0 No license field.
77 info package.json materialize-css@0.96.1 No license field.
78 info package.json moment@2.10.3 No license field.
79 info package.json yamljs@0.2.3 No license field.
80 info package.json yamljs@0.2.3 No bin file found at ./bin/yaml2json
81 info package.json yamljs@0.2.3 No bin file found at ./bin/json2yaml
82 verbose readDependencies loading dependencies from /Users/JDWMac/sites/schoolSites/ASL App/angularFrontend/package.json
83 silly cache add args [ 'angular-ui-calendar', null ]
84 verbose cache add spec angular-ui-calendar
85 silly cache add parsed spec { raw: 'angular-ui-calendar',
85 silly cache add   scope: null,
85 silly cache add   name: 'angular-ui-calendar',
85 silly cache add   rawSpec: '',
85 silly cache add   spec: '*',
85 silly cache add   type: 'range' }
86 silly addNamed angular-ui-calendar@*
87 verbose addNamed "*" is a valid semver range for angular-ui-calendar
88 silly addNameRange { name: 'angular-ui-calendar', range: '*', hasData: false }
89 silly mapToRegistry name angular-ui-calendar
90 silly mapToRegistry using default registry
91 silly mapToRegistry registry https://registry.npmjs.org/
92 silly mapToRegistry uri https://registry.npmjs.org/angular-ui-calendar
93 verbose addNameRange registry:https://registry.npmjs.org/angular-ui-calendar not in flight; fetching
94 verbose request uri https://registry.npmjs.org/angular-ui-calendar
95 verbose request no auth needed
96 info attempt registry request try #1 at 21:11:59
97 verbose request id 867744a2bc654f27
98 http request GET https://registry.npmjs.org/angular-ui-calendar
99 http 404 https://registry.npmjs.org/angular-ui-calendar
100 verbose headers { server: 'CouchDB/1.5.0 (Erlang OTP/R16B03)',
100 verbose headers   'content-type': 'application/json',
100 verbose headers   'cache-control': 'max-age=0',
100 verbose headers   'content-length': '51',
100 verbose headers   'accept-ranges': 'bytes',
100 verbose headers   date: 'Thu, 23 Jul 2015 03:11:59 GMT',
100 verbose headers   via: '1.1 varnish',
100 verbose headers   age: '0',
100 verbose headers   connection: 'keep-alive',
100 verbose headers   'x-served-by': 'cache-lax1422-LAX',
100 verbose headers   'x-cache': 'MISS',
100 verbose headers   'x-cache-hits': '0',
100 verbose headers   'x-timer': 'S1437621119.656900,VS0,VE47' }
101 silly get cb [ 404,
101 silly get   { server: 'CouchDB/1.5.0 (Erlang OTP/R16B03)',
101 silly get     'content-type': 'application/json',
101 silly get     'cache-control': 'max-age=0',
101 silly get     'content-length': '51',
101 silly get     'accept-ranges': 'bytes',
101 silly get     date: 'Thu, 23 Jul 2015 03:11:59 GMT',
101 silly get     via: '1.1 varnish',
101 silly get     age: '0',
101 silly get     connection: 'keep-alive',
101 silly get     'x-served-by': 'cache-lax1422-LAX',
101 silly get     'x-cache': 'MISS',
101 silly get     'x-cache-hits': '0',
101 silly get     'x-timer': 'S1437621119.656900,VS0,VE47' } ]
102 verbose stack Error: 404 Not Found: angular-ui-calendar
102 verbose stack     at CachingRegistryClient.<anonymous> (/usr/local/lib/node_modules/npm/node_modules/npm-registry-client/lib/request.js:245:14)
102 verbose stack     at Request._callback (/usr/local/lib/node_modules/npm/node_modules/npm-registry-client/lib/request.js:170:14)
102 verbose stack     at Request.self.callback (/usr/local/lib/node_modules/npm/node_modules/request/request.js:368:22)
102 verbose stack     at Request.emit (events.js:110:17)
102 verbose stack     at Request.<anonymous> (/usr/local/lib/node_modules/npm/node_modules/request/request.js:1219:14)
102 verbose stack     at Request.emit (events.js:129:20)
102 verbose stack     at IncomingMessage.<anonymous> (/usr/local/lib/node_modules/npm/node_modules/request/request.js:1167:12)
102 verbose stack     at IncomingMessage.emit (events.js:129:20)
102 verbose stack     at _stream_readable.js:908:16
102 verbose stack     at process._tickCallback (node.js:355:11)
103 verbose statusCode 404
104 verbose pkgid angular-ui-calendar
105 verbose cwd /Users/JDWMac/sites/schoolSites/ASL App/angularFrontend
106 error Darwin 14.4.0
107 error argv "node" "/usr/local/bin/npm" "install" "angular-ui-calendar" "--save"
108 error node v0.12.4
109 error npm  v2.10.1
110 error code E404
111 error 404 Not Found: angular-ui-calendar
111 error 404
111 error 404 'angular-ui-calendar' is not in the npm registry.
111 error 404 You should bug the author to publish it (or use the name yourself!)
111 error 404 It was specified as a dependency of 'sails-angular-frontend'
111 error 404
111 error 404 Note that you can also install from a
111 error 404 tarball, folder, http url, or git url.
112 verbose exit [ 1, true ]
